<?xml version="1.0" encoding="UTF-8"?>
<!-- Generated by org.testng.reporters.JUnitReportReporter -->
<testsuite hostname="DESKTOP-DQ2A77C" failures="0" tests="1" name="demos.Demo1" time="10.722" errors="0" timestamp="2024-06-12T23:12:44 IST" skipped="0">
  <testcase classname="demos.Demo1" name="login" time="10.722"/>
  <system-out/>
</testsuite> <!-- demos.Demo1 -->
