<?xml version="1.0" encoding="UTF-8"?>
<!-- Generated by org.testng.reporters.JUnitReportReporter -->
<testsuite hostname="DESKTOP-DQ2A77C" failures="0" tests="1" name="demos.Adactin" time="5.266" errors="0" timestamp="2024-06-17T12:31:25 IST" skipped="0">
  <testcase classname="demos.Adactin" name="operations" time="5.266"/>
  <system-out/>
</testsuite> <!-- demos.Adactin -->
