<?xml version="1.0" encoding="UTF-8"?>
<!-- Generated by org.testng.reporters.JUnitReportReporter -->
<testsuite hostname="DESKTOP-DQ2A77C" failures="0" tests="1" name="amazon.Amazon_Test_scripts" time="1.987" errors="0" timestamp="2024-06-20T14:12:30 IST" skipped="0">
  <testcase classname="amazon.Amazon_Test_scripts" name="login" time="1.987"/>
  <system-out/>
</testsuite> <!-- amazon.Amazon_Test_scripts -->
