<?xml version="1.0" encoding="UTF-8"?>
<!-- Generated by org.testng.reporters.JUnitReportReporter -->
<testsuite hostname="DESKTOP-DQ2A77C" failures="0" tests="1" name="demos.SecondClass" time="27.143" errors="0" timestamp="2024-08-26T14:34:57 IST" skipped="0">
  <testcase classname="demos.SecondClass" name="testMethod2" time="27.143"/>
  <system-out/>
</testsuite> <!-- demos.SecondClass -->
